<?xml version="1.0" encoding="UTF-8"?>
<!-- Generated by org.testng.reporters.JUnitReportReporter -->
<testsuite hostname="Nilmie" failures="0" tests="1" name="Assignment.Assignment" time="25.400" errors="0" timestamp="10 Oct 2018 09:32:34 GMT" skipped="0">
  <testcase classname="Assignment.Assignment" name="testSearch" time="25.400"/>
</testsuite> <!-- Assignment.Assignment -->
